Determining if the pthread_create exist failed with the following output:
Change Dir: /home/ubuntu/catkin_ws/build/costmap_2d/CMakeFiles/CMakeTmp

Run Build Command:"/usr/bin/make" "cmTC_6306f/fast"
/usr/bin/make -f CMakeFiles/cmTC_6306f.dir/build.make CMakeFiles/cmTC_6306f.dir/build
make[1]: Entering directory '/home/ubuntu/catkin_ws/build/costmap_2d/CMakeFiles/CMakeTmp'
Building C object CMakeFiles/cmTC_6306f.dir/CheckSymbolExists.c.o
/usr/bin/cc    -o CMakeFiles/cmTC_6306f.dir/CheckSymbolExists.c.o   -c /home/ubuntu/catkin_ws/build/costmap_2d/CMakeFiles/CMakeTmp/CheckSymbolExists.c
Linking C executable cmTC_6306f
/usr/bin/cmake -E cmake_link_script CMakeFiles/cmTC_6306f.dir/link.txt --verbose=1
/usr/bin/cc      -rdynamic CMakeFiles/cmTC_6306f.dir/CheckSymbolExists.c.o  -o cmTC_6306f 
CMakeFiles/cmTC_6306f.dir/CheckSymbolExists.c.o: In function `main':
CheckSymbolExists.c:(.text+0x14): undefined reference to `pthread_create'
CheckSymbolExists.c:(.text+0x18): undefined reference to `pthread_create'
collect2: error: ld returned 1 exit status
CMakeFiles/cmTC_6306f.dir/build.make:97: recipe for target 'cmTC_6306f' failed
make[1]: *** [cmTC_6306f] Error 1
make[1]: Leaving directory '/home/ubuntu/catkin_ws/build/costmap_2d/CMakeFiles/CMakeTmp'
Makefile:126: recipe for target 'cmTC_6306f/fast' failed
make: *** [cmTC_6306f/fast] Error 2

File /home/ubuntu/catkin_ws/build/costmap_2d/CMakeFiles/CMakeTmp/CheckSymbolExists.c:
/* */
#include <pthread.h>

int main(int argc, char** argv)
{
  (void)argv;
#ifndef pthread_create
  return ((int*)(&pthread_create))[argc];
#else
  (void)argc;
  return 0;
#endif
}

Determining if the function pthread_create exists in the pthreads failed with the following output:
Change Dir: /home/ubuntu/catkin_ws/build/costmap_2d/CMakeFiles/CMakeTmp

Run Build Command:"/usr/bin/make" "cmTC_22f6e/fast"
/usr/bin/make -f CMakeFiles/cmTC_22f6e.dir/build.make CMakeFiles/cmTC_22f6e.dir/build
make[1]: Entering directory '/home/ubuntu/catkin_ws/build/costmap_2d/CMakeFiles/CMakeTmp'
Building C object CMakeFiles/cmTC_22f6e.dir/CheckFunctionExists.c.o
/usr/bin/cc   -DCHECK_FUNCTION_EXISTS=pthread_create   -o CMakeFiles/cmTC_22f6e.dir/CheckFunctionExists.c.o   -c /usr/share/cmake-3.10/Modules/CheckFunctionExists.c
Linking C executable cmTC_22f6e
/usr/bin/cmake -E cmake_link_script CMakeFiles/cmTC_22f6e.dir/link.txt --verbose=1
/usr/bin/cc  -DCHECK_FUNCTION_EXISTS=pthread_create    -rdynamic CMakeFiles/cmTC_22f6e.dir/CheckFunctionExists.c.o  -o cmTC_22f6e -lpthreads 
/usr/bin/ld: cannot find -lpthreads
collect2: error: ld returned 1 exit status
CMakeFiles/cmTC_22f6e.dir/build.make:97: recipe for target 'cmTC_22f6e' failed
make[1]: *** [cmTC_22f6e] Error 1
make[1]: Leaving directory '/home/ubuntu/catkin_ws/build/costmap_2d/CMakeFiles/CMakeTmp'
Makefile:126: recipe for target 'cmTC_22f6e/fast' failed
make: *** [cmTC_22f6e/fast] Error 2


