Determining if the pthread_create exist failed with the following output:
Change Dir: /home/ubuntu/catkin_ws/build/catkin_tools_prebuild/CMakeFiles/CMakeTmp

Run Build Command:"/usr/bin/make" "cmTC_83b57/fast"
/usr/bin/make -f CMakeFiles/cmTC_83b57.dir/build.make CMakeFiles/cmTC_83b57.dir/build
make[1]: Entering directory '/home/ubuntu/catkin_ws/build/catkin_tools_prebuild/CMakeFiles/CMakeTmp'
Building C object CMakeFiles/cmTC_83b57.dir/CheckSymbolExists.c.o
/usr/bin/cc    -o CMakeFiles/cmTC_83b57.dir/CheckSymbolExists.c.o   -c /home/ubuntu/catkin_ws/build/catkin_tools_prebuild/CMakeFiles/CMakeTmp/CheckSymbolExists.c
Linking C executable cmTC_83b57
/usr/bin/cmake -E cmake_link_script CMakeFiles/cmTC_83b57.dir/link.txt --verbose=1
/usr/bin/cc      -rdynamic CMakeFiles/cmTC_83b57.dir/CheckSymbolExists.c.o  -o cmTC_83b57 
CMakeFiles/cmTC_83b57.dir/CheckSymbolExists.c.o: In function `main':
CheckSymbolExists.c:(.text+0x14): undefined reference to `pthread_create'
CheckSymbolExists.c:(.text+0x18): undefined reference to `pthread_create'
collect2: error: ld returned 1 exit status
CMakeFiles/cmTC_83b57.dir/build.make:97: recipe for target 'cmTC_83b57' failed
make[1]: *** [cmTC_83b57] Error 1
make[1]: Leaving directory '/home/ubuntu/catkin_ws/build/catkin_tools_prebuild/CMakeFiles/CMakeTmp'
Makefile:126: recipe for target 'cmTC_83b57/fast' failed
make: *** [cmTC_83b57/fast] Error 2

File /home/ubuntu/catkin_ws/build/catkin_tools_prebuild/CMakeFiles/CMakeTmp/CheckSymbolExists.c:
/* */
#include <pthread.h>

int main(int argc, char** argv)
{
  (void)argv;
#ifndef pthread_create
  return ((int*)(&pthread_create))[argc];
#else
  (void)argc;
  return 0;
#endif
}

Determining if the function pthread_create exists in the pthreads failed with the following output:
Change Dir: /home/ubuntu/catkin_ws/build/catkin_tools_prebuild/CMakeFiles/CMakeTmp

Run Build Command:"/usr/bin/make" "cmTC_066a3/fast"
/usr/bin/make -f CMakeFiles/cmTC_066a3.dir/build.make CMakeFiles/cmTC_066a3.dir/build
make[1]: Entering directory '/home/ubuntu/catkin_ws/build/catkin_tools_prebuild/CMakeFiles/CMakeTmp'
Building C object CMakeFiles/cmTC_066a3.dir/CheckFunctionExists.c.o
/usr/bin/cc   -DCHECK_FUNCTION_EXISTS=pthread_create   -o CMakeFiles/cmTC_066a3.dir/CheckFunctionExists.c.o   -c /usr/share/cmake-3.10/Modules/CheckFunctionExists.c
Linking C executable cmTC_066a3
/usr/bin/cmake -E cmake_link_script CMakeFiles/cmTC_066a3.dir/link.txt --verbose=1
/usr/bin/cc  -DCHECK_FUNCTION_EXISTS=pthread_create    -rdynamic CMakeFiles/cmTC_066a3.dir/CheckFunctionExists.c.o  -o cmTC_066a3 -lpthreads 
/usr/bin/ld: cannot find -lpthreads
collect2: error: ld returned 1 exit status
CMakeFiles/cmTC_066a3.dir/build.make:97: recipe for target 'cmTC_066a3' failed
make[1]: *** [cmTC_066a3] Error 1
make[1]: Leaving directory '/home/ubuntu/catkin_ws/build/catkin_tools_prebuild/CMakeFiles/CMakeTmp'
Makefile:126: recipe for target 'cmTC_066a3/fast' failed
make: *** [cmTC_066a3/fast] Error 2


