[  0%] Built target actionlib_msgs_generate_messages_lisp
[  0%] Built target actionlib_msgs_generate_messages_py
[  0%] Built target tf2_msgs_generate_messages_cpp
[  9%] [32mBuilding CXX object gtest/googlemock/gtest/CMakeFiles/gtest.dir/src/gtest-all.cc.o[0m
[  9%] Built target tf2_msgs_generate_messages_nodejs
[  9%] Built target tf2_msgs_generate_messages_py
[  9%] Built target tf2_msgs_generate_messages_lisp
[  9%] Built target tf2_msgs_generate_messages_eus
[  9%] Built target rosgraph_msgs_generate_messages_nodejs
[  9%] Built target rosgraph_msgs_generate_messages_py
[  9%] Built target std_msgs_generate_messages_eus
[  9%] Built target rosgraph_msgs_generate_messages_lisp
[  9%] Built target rosgraph_msgs_generate_messages_eus
[  9%] Built target actionlib_msgs_generate_messages_cpp
[  9%] Built target rosgraph_msgs_generate_messages_cpp
[  9%] Built target roscpp_generate_messages_py
[  9%] Built target std_msgs_generate_messages_py
[  9%] Built target nav_msgs_generate_messages_py
[  9%] Built target geometry_msgs_generate_messages_eus
[  9%] Built target roscpp_generate_messages_nodejs
[  9%] Built target roscpp_generate_messages_eus
[  9%] Built target roscpp_generate_messages_lisp
[  9%] Built target nav_msgs_generate_messages_lisp
[  9%] Built target roscpp_generate_messages_cpp
[  9%] Built target actionlib_msgs_generate_messages_nodejs
[  9%] Built target std_msgs_generate_messages_cpp
[  9%] Built target nav_msgs_generate_messages_nodejs
[  9%] Built target geometry_msgs_generate_messages_nodejs
[  9%] Built target std_msgs_generate_messages_lisp
[  9%] Built target std_msgs_generate_messages_nodejs
[  9%] Built target nav_msgs_generate_messages_cpp
[  9%] Built target nav_msgs_generate_messages_eus
[  9%] Built target geometry_msgs_generate_messages_cpp
[  9%] Built target geometry_msgs_generate_messages_lisp
[  9%] Built target geometry_msgs_generate_messages_py
[  9%] Built target actionlib_msgs_generate_messages_eus
[ 18%] [32mBuilding CXX object CMakeFiles/map_server-map_saver.dir/src/map_saver.cpp.o[0m
[ 27%] [32mBuilding CXX object CMakeFiles/map_server_image_loader.dir/src/image_loader.cpp.o[0m
[ 36%] [32m[1mLinking CXX shared library /home/ubuntu/catkin_ws/devel/.private/map_server/lib/libmap_server_image_loader.so[0m
[ 36%] Built target map_server_image_loader
[35m[1mScanning dependencies of target map_server[0m
[ 45%] [32mBuilding CXX object CMakeFiles/map_server.dir/src/main.cpp.o[0m
