Determining if the pthread_create exist failed with the following output:
Change Dir: /home/ubuntu/catkin_ws/build/turtlebot3_teleop/CMakeFiles/CMakeTmp

Run Build Command:"/usr/bin/make" "cmTC_5d2ad/fast"
/usr/bin/make -f CMakeFiles/cmTC_5d2ad.dir/build.make CMakeFiles/cmTC_5d2ad.dir/build
make[1]: Entering directory '/home/ubuntu/catkin_ws/build/turtlebot3_teleop/CMakeFiles/CMakeTmp'
Building C object CMakeFiles/cmTC_5d2ad.dir/CheckSymbolExists.c.o
/usr/bin/cc    -o CMakeFiles/cmTC_5d2ad.dir/CheckSymbolExists.c.o   -c /home/ubuntu/catkin_ws/build/turtlebot3_teleop/CMakeFiles/CMakeTmp/CheckSymbolExists.c
Linking C executable cmTC_5d2ad
/usr/bin/cmake -E cmake_link_script CMakeFiles/cmTC_5d2ad.dir/link.txt --verbose=1
/usr/bin/cc      -rdynamic CMakeFiles/cmTC_5d2ad.dir/CheckSymbolExists.c.o  -o cmTC_5d2ad 
CMakeFiles/cmTC_5d2ad.dir/CheckSymbolExists.c.o: In function `main':
CheckSymbolExists.c:(.text+0x14): undefined reference to `pthread_create'
CheckSymbolExists.c:(.text+0x18): undefined reference to `pthread_create'
collect2: error: ld returned 1 exit status
CMakeFiles/cmTC_5d2ad.dir/build.make:97: recipe for target 'cmTC_5d2ad' failed
make[1]: *** [cmTC_5d2ad] Error 1
make[1]: Leaving directory '/home/ubuntu/catkin_ws/build/turtlebot3_teleop/CMakeFiles/CMakeTmp'
Makefile:126: recipe for target 'cmTC_5d2ad/fast' failed
make: *** [cmTC_5d2ad/fast] Error 2

File /home/ubuntu/catkin_ws/build/turtlebot3_teleop/CMakeFiles/CMakeTmp/CheckSymbolExists.c:
/* */
#include <pthread.h>

int main(int argc, char** argv)
{
  (void)argv;
#ifndef pthread_create
  return ((int*)(&pthread_create))[argc];
#else
  (void)argc;
  return 0;
#endif
}

Determining if the function pthread_create exists in the pthreads failed with the following output:
Change Dir: /home/ubuntu/catkin_ws/build/turtlebot3_teleop/CMakeFiles/CMakeTmp

Run Build Command:"/usr/bin/make" "cmTC_922d9/fast"
/usr/bin/make -f CMakeFiles/cmTC_922d9.dir/build.make CMakeFiles/cmTC_922d9.dir/build
make[1]: Entering directory '/home/ubuntu/catkin_ws/build/turtlebot3_teleop/CMakeFiles/CMakeTmp'
Building C object CMakeFiles/cmTC_922d9.dir/CheckFunctionExists.c.o
/usr/bin/cc   -DCHECK_FUNCTION_EXISTS=pthread_create   -o CMakeFiles/cmTC_922d9.dir/CheckFunctionExists.c.o   -c /usr/share/cmake-3.10/Modules/CheckFunctionExists.c
Linking C executable cmTC_922d9
/usr/bin/cmake -E cmake_link_script CMakeFiles/cmTC_922d9.dir/link.txt --verbose=1
/usr/bin/cc  -DCHECK_FUNCTION_EXISTS=pthread_create    -rdynamic CMakeFiles/cmTC_922d9.dir/CheckFunctionExists.c.o  -o cmTC_922d9 -lpthreads 
/usr/bin/ld: cannot find -lpthreads
collect2: error: ld returned 1 exit status
CMakeFiles/cmTC_922d9.dir/build.make:97: recipe for target 'cmTC_922d9' failed
make[1]: *** [cmTC_922d9] Error 1
make[1]: Leaving directory '/home/ubuntu/catkin_ws/build/turtlebot3_teleop/CMakeFiles/CMakeTmp'
Makefile:126: recipe for target 'cmTC_922d9/fast' failed
make: *** [cmTC_922d9/fast] Error 2


