Determining if the pthread_create exist failed with the following output:
Change Dir: /home/ubuntu/catkin_ws/build/map_server/CMakeFiles/CMakeTmp

Run Build Command:"/usr/bin/make" "cmTC_d04dd/fast"
/usr/bin/make -f CMakeFiles/cmTC_d04dd.dir/build.make CMakeFiles/cmTC_d04dd.dir/build
make[1]: Entering directory '/home/ubuntu/catkin_ws/build/map_server/CMakeFiles/CMakeTmp'
Building C object CMakeFiles/cmTC_d04dd.dir/CheckSymbolExists.c.o
/usr/bin/cc    -o CMakeFiles/cmTC_d04dd.dir/CheckSymbolExists.c.o   -c /home/ubuntu/catkin_ws/build/map_server/CMakeFiles/CMakeTmp/CheckSymbolExists.c
Linking C executable cmTC_d04dd
/usr/bin/cmake -E cmake_link_script CMakeFiles/cmTC_d04dd.dir/link.txt --verbose=1
/usr/bin/cc      -rdynamic CMakeFiles/cmTC_d04dd.dir/CheckSymbolExists.c.o  -o cmTC_d04dd 
CMakeFiles/cmTC_d04dd.dir/CheckSymbolExists.c.o: In function `main':
CheckSymbolExists.c:(.text+0x14): undefined reference to `pthread_create'
CheckSymbolExists.c:(.text+0x18): undefined reference to `pthread_create'
collect2: error: ld returned 1 exit status
CMakeFiles/cmTC_d04dd.dir/build.make:97: recipe for target 'cmTC_d04dd' failed
make[1]: *** [cmTC_d04dd] Error 1
make[1]: Leaving directory '/home/ubuntu/catkin_ws/build/map_server/CMakeFiles/CMakeTmp'
Makefile:126: recipe for target 'cmTC_d04dd/fast' failed
make: *** [cmTC_d04dd/fast] Error 2

File /home/ubuntu/catkin_ws/build/map_server/CMakeFiles/CMakeTmp/CheckSymbolExists.c:
/* */
#include <pthread.h>

int main(int argc, char** argv)
{
  (void)argv;
#ifndef pthread_create
  return ((int*)(&pthread_create))[argc];
#else
  (void)argc;
  return 0;
#endif
}

Determining if the function pthread_create exists in the pthreads failed with the following output:
Change Dir: /home/ubuntu/catkin_ws/build/map_server/CMakeFiles/CMakeTmp

Run Build Command:"/usr/bin/make" "cmTC_cce9a/fast"
/usr/bin/make -f CMakeFiles/cmTC_cce9a.dir/build.make CMakeFiles/cmTC_cce9a.dir/build
make[1]: Entering directory '/home/ubuntu/catkin_ws/build/map_server/CMakeFiles/CMakeTmp'
Building C object CMakeFiles/cmTC_cce9a.dir/CheckFunctionExists.c.o
/usr/bin/cc   -DCHECK_FUNCTION_EXISTS=pthread_create   -o CMakeFiles/cmTC_cce9a.dir/CheckFunctionExists.c.o   -c /usr/share/cmake-3.10/Modules/CheckFunctionExists.c
Linking C executable cmTC_cce9a
/usr/bin/cmake -E cmake_link_script CMakeFiles/cmTC_cce9a.dir/link.txt --verbose=1
/usr/bin/cc  -DCHECK_FUNCTION_EXISTS=pthread_create    -rdynamic CMakeFiles/cmTC_cce9a.dir/CheckFunctionExists.c.o  -o cmTC_cce9a -lpthreads 
/usr/bin/ld: cannot find -lpthreads
collect2: error: ld returned 1 exit status
CMakeFiles/cmTC_cce9a.dir/build.make:97: recipe for target 'cmTC_cce9a' failed
make[1]: *** [cmTC_cce9a] Error 1
make[1]: Leaving directory '/home/ubuntu/catkin_ws/build/map_server/CMakeFiles/CMakeTmp'
Makefile:126: recipe for target 'cmTC_cce9a/fast' failed
make: *** [cmTC_cce9a/fast] Error 2


